<?xml version="1.0" encoding="UTF-8"?>
<testng-results ignored="0" total="1" passed="1" failed="0" skipped="0">
  <reporter-output>
  </reporter-output>
  <suite started-at="2022-12-20T19:41:36 IST" name="Default suite" finished-at="2022-12-20T19:43:10 IST" duration-ms="94558">
    <groups>
    </groups>
    <test started-at="2022-12-20T19:41:36 IST" name="Default test" finished-at="2022-12-20T19:43:10 IST" duration-ms="94558">
      <class name="Shop.Tests.CustomerCheckoutTest">
        <test-method signature="CustomerplaceOrder(java.util.HashMap)[pri:0, instance:Shop.Tests.CustomerCheckoutTest@7c711375]" started-at="2022-12-20T19:41:36 IST" name="CustomerplaceOrder" data-provider="getTestData" finished-at="2022-12-20T19:43:10 IST" duration-ms="94283" status="PASS">
          <params>
            <param index="0">
              <value>
                <![CDATA[{password=admin123, email=sanjay.bhatt371@webkul.com, productName=jackaet}]]>
              </value>
            </param>
          </params>
          <reporter-output>
          </reporter-output>
        </test-method> <!-- CustomerplaceOrder -->
      </class> <!-- Shop.Tests.CustomerCheckoutTest -->
    </test> <!-- Default test -->
  </suite> <!-- Default suite -->
</testng-results>
