<?xml version="1.0" encoding="UTF-8"?>
<testng-results ignored="0" total="2" passed="1" failed="1" skipped="0">
  <reporter-output>
  </reporter-output>
  <suite started-at="2023-03-28T15:57:04 IST" name="Default suite" finished-at="2023-03-28T15:57:26 IST" duration-ms="22719">
    <groups>
      <group name="AdminLoginTest.login">
        <method signature="AdminLoginTest.login(java.lang.String)[pri:0, instance:admin.Tests.AdminLoginTest@3a44431a]" name="login" class="admin.Tests.AdminLoginTest"/>
      </group> <!-- AdminLoginTest.login -->
    </groups>
    <test started-at="2023-03-28T15:57:04 IST" name="Default test" finished-at="2023-03-28T15:57:26 IST" duration-ms="22719">
      <class name="admin.Tests.AdminLoginTest">
        <test-method signature="login(java.lang.String)[pri:0, instance:admin.Tests.AdminLoginTest@3a44431a]" started-at="2023-03-28T15:57:04 IST" name="login" data-provider="getTestData" finished-at="2023-03-28T15:57:09 IST" duration-ms="4828" status="PASS">
          <params>
            <param index="0">
              <value>
                <![CDATA[admin123]]>
              </value>
            </param>
          </params>
          <reporter-output>
          </reporter-output>
        </test-method> <!-- login -->
      </class> <!-- admin.Tests.AdminLoginTest -->
      <class name="admin.Tests.CreateSimpleProductTest">
        <test-method signature="Createproduct()[pri:0, instance:admin.Tests.CreateSimpleProductTest@1ed6388a]" started-at="2023-03-28T15:57:09 IST" name="Createproduct" depends-on-groups="AdminLoginTest.login" finished-at="2023-03-28T15:57:26 IST" duration-ms="17850" status="FAIL">
          <exception class="org.openqa.selenium.NoSuchElementException">
            <message>
              <![CDATA[no such element: Unable to locate element: {"method":"css selector","selector":"div[class='alert alert-success']"}
  (Session info: chrome=111.0.5563.110)
For documentation on this error, please visit: https://selenium.dev/exceptions/#no_such_element
Build info: version: '4.8.2', revision: '826dbfc730'
System info: os.name: 'Linux', os.arch: 'amd64', os.version: '5.15.0-67-generic', java.version: '17.0.3'
Driver info: org.openqa.selenium.chrome.ChromeDriver
Command: [fe50562cf842b6ff383c0d5fd4937b44, findElement {using=css selector, value=div[class='alert alert-success']}]
Capabilities {acceptInsecureCerts: false, browserName: chrome, browserVersion: 111.0.5563.110, chrome: {chromedriverVersion: 111.0.5563.64 (c710e93d5b63..., userDataDir: /tmp/.com.google.Chrome.cPCJwV}, goog:chromeOptions: {debuggerAddress: localhost:37509}, networkConnectionEnabled: false, pageLoadStrategy: normal, platformName: LINUX, proxy: Proxy(), se:cdp: ws://localhost:37509/devtoo..., se:cdpVersion: 111.0.5563.110, setWindowRect: true, strictFileInteractability: false, timeouts: {implicit: 0, pageLoad: 300000, script: 30000}, unhandledPromptBehavior: dismiss and notify, webauthn:extension:credBlob: true, webauthn:extension:largeBlob: true, webauthn:extension:minPinLength: true, webauthn:extension:prf: true, webauthn:virtualAuthenticators: true}
Session ID: fe50562cf842b6ff383c0d5fd4937b44]]>
            </message>
            <full-stacktrace>
              <![CDATA[org.openqa.selenium.NoSuchElementException: no such element: Unable to locate element: {"method":"css selector","selector":"div[class='alert alert-success']"}
  (Session info: chrome=111.0.5563.110)
For documentation on this error, please visit: https://selenium.dev/exceptions/#no_such_element
Build info: version: '4.8.2', revision: '826dbfc730'
System info: os.name: 'Linux', os.arch: 'amd64', os.version: '5.15.0-67-generic', java.version: '17.0.3'
Driver info: org.openqa.selenium.chrome.ChromeDriver
Command: [fe50562cf842b6ff383c0d5fd4937b44, findElement {using=css selector, value=div[class='alert alert-success']}]
Capabilities {acceptInsecureCerts: false, browserName: chrome, browserVersion: 111.0.5563.110, chrome: {chromedriverVersion: 111.0.5563.64 (c710e93d5b63..., userDataDir: /tmp/.com.google.Chrome.cPCJwV}, goog:chromeOptions: {debuggerAddress: localhost:37509}, networkConnectionEnabled: false, pageLoadStrategy: normal, platformName: LINUX, proxy: Proxy(), se:cdp: ws://localhost:37509/devtoo..., se:cdpVersion: 111.0.5563.110, setWindowRect: true, strictFileInteractability: false, timeouts: {implicit: 0, pageLoad: 300000, script: 30000}, unhandledPromptBehavior: dismiss and notify, webauthn:extension:credBlob: true, webauthn:extension:largeBlob: true, webauthn:extension:minPinLength: true, webauthn:extension:prf: true, webauthn:virtualAuthenticators: true}
Session ID: fe50562cf842b6ff383c0d5fd4937b44
at java.base/jdk.internal.reflect.NativeConstructorAccessorImpl.newInstance0(Native Method)
at java.base/jdk.internal.reflect.NativeConstructorAccessorImpl.newInstance(NativeConstructorAccessorImpl.java:77)
at java.base/jdk.internal.reflect.DelegatingConstructorAccessorImpl.newInstance(DelegatingConstructorAccessorImpl.java:45)
at java.base/java.lang.reflect.Constructor.newInstanceWithCaller(Constructor.java:499)
at java.base/java.lang.reflect.Constructor.newInstance(Constructor.java:480)
at org.openqa.selenium.remote.codec.w3c.W3CHttpResponseCodec.createException(W3CHttpResponseCodec.java:200)
at org.openqa.selenium.remote.codec.w3c.W3CHttpResponseCodec.decode(W3CHttpResponseCodec.java:133)
at org.openqa.selenium.remote.codec.w3c.W3CHttpResponseCodec.decode(W3CHttpResponseCodec.java:53)
at org.openqa.selenium.remote.HttpCommandExecutor.execute(HttpCommandExecutor.java:193)
at org.openqa.selenium.remote.service.DriverCommandExecutor.invokeExecute(DriverCommandExecutor.java:183)
at org.openqa.selenium.remote.service.DriverCommandExecutor.execute(DriverCommandExecutor.java:158)
at org.openqa.selenium.remote.RemoteWebDriver.execute(RemoteWebDriver.java:543)
at org.openqa.selenium.remote.ElementLocation$ElementFinder$2.findElement(ElementLocation.java:162)
at org.openqa.selenium.remote.ElementLocation.findElement(ElementLocation.java:60)
at org.openqa.selenium.remote.RemoteWebDriver.findElement(RemoteWebDriver.java:352)
at org.openqa.selenium.remote.RemoteWebDriver.findElement(RemoteWebDriver.java:344)
at org.openqa.selenium.support.pagefactory.DefaultElementLocator.findElement(DefaultElementLocator.java:70)
at org.openqa.selenium.support.pagefactory.internal.LocatingElementHandler.invoke(LocatingElementHandler.java:39)
at jdk.proxy2/jdk.proxy2.$Proxy16.isDisplayed(Unknown Source)
at baseComponents.BaseRepository.isCreated(BaseRepository.java:281)
at admin.pageobjects.CreateProductRepository.createSimpleProduct(CreateProductRepository.java:55)
at admin.Tests.CreateSimpleProductTest.Createproduct(CreateSimpleProductTest.java:36)
at java.base/jdk.internal.reflect.NativeMethodAccessorImpl.invoke0(Native Method)
at java.base/jdk.internal.reflect.NativeMethodAccessorImpl.invoke(NativeMethodAccessorImpl.java:77)
at java.base/jdk.internal.reflect.DelegatingMethodAccessorImpl.invoke(DelegatingMethodAccessorImpl.java:43)
at java.base/java.lang.reflect.Method.invoke(Method.java:568)
at org.testng.internal.MethodInvocationHelper.invokeMethod(MethodInvocationHelper.java:133)
at org.testng.internal.TestInvoker.invokeMethod(TestInvoker.java:598)
at org.testng.internal.TestInvoker.invokeTestMethod(TestInvoker.java:173)
at org.testng.internal.MethodRunner.runInSequence(MethodRunner.java:46)
at org.testng.internal.TestInvoker$MethodInvocationAgent.invoke(TestInvoker.java:824)
at org.testng.internal.TestInvoker.invokeTestMethods(TestInvoker.java:146)
at org.testng.internal.TestMethodWorker.invokeTestMethods(TestMethodWorker.java:146)
at org.testng.internal.TestMethodWorker.run(TestMethodWorker.java:128)
at java.base/java.util.ArrayList.forEach(ArrayList.java:1511)
at org.testng.TestRunner.privateRun(TestRunner.java:794)
at org.testng.TestRunner.run(TestRunner.java:596)
at org.testng.SuiteRunner.runTest(SuiteRunner.java:377)
at org.testng.SuiteRunner.runSequentially(SuiteRunner.java:371)
at org.testng.SuiteRunner.privateRun(SuiteRunner.java:332)
at org.testng.SuiteRunner.run(SuiteRunner.java:276)
at org.testng.SuiteRunnerWorker.runSuite(SuiteRunnerWorker.java:53)
at org.testng.SuiteRunnerWorker.run(SuiteRunnerWorker.java:96)
at org.testng.TestNG.runSuitesSequentially(TestNG.java:1212)
at org.testng.TestNG.runSuitesLocally(TestNG.java:1134)
at org.testng.TestNG.runSuites(TestNG.java:1063)
at org.testng.TestNG.run(TestNG.java:1031)
at org.testng.remote.AbstractRemoteTestNG.run(AbstractRemoteTestNG.java:115)
at org.testng.remote.RemoteTestNG.initAndRun(RemoteTestNG.java:251)
at org.testng.remote.RemoteTestNG.main(RemoteTestNG.java:77)
]]>
            </full-stacktrace>
          </exception> <!-- org.openqa.selenium.NoSuchElementException -->
          <reporter-output>
          </reporter-output>
        </test-method> <!-- Createproduct -->
      </class> <!-- admin.Tests.CreateSimpleProductTest -->
    </test> <!-- Default test -->
  </suite> <!-- Default suite -->
</testng-results>
