<?xml version="1.0" encoding="UTF-8"?>
<testng-results ignored="0" total="1" passed="1" failed="0" skipped="0">
  <reporter-output>
  </reporter-output>
  <suite started-at="2022-12-22T17:23:54 IST" name="Default suite" finished-at="2022-12-22T17:23:56 IST" duration-ms="2631">
    <groups>
    </groups>
    <test started-at="2022-12-22T17:23:54 IST" name="Default test" finished-at="2022-12-22T17:23:56 IST" duration-ms="2631">
      <class name="Shop.Tests.test">
        <test-method signature="testCase()[pri:0, instance:Shop.Tests.test@74751b3]" started-at="2022-12-22T17:23:54 IST" name="testCase" finished-at="2022-12-22T17:23:56 IST" duration-ms="2599" status="PASS">
          <reporter-output>
          </reporter-output>
        </test-method> <!-- testCase -->
      </class> <!-- Shop.Tests.test -->
    </test> <!-- Default test -->
  </suite> <!-- Default suite -->
</testng-results>
