<?xml version="1.0" encoding="UTF-8"?>
<testng-results ignored="0" total="1" passed="1" failed="0" skipped="0">
  <reporter-output>
  </reporter-output>
  <suite started-at="2022-11-29T12:25:19 IST" name="Default suite" finished-at="2022-11-29T12:25:27 IST" duration-ms="7925">
    <groups>
    </groups>
    <test started-at="2022-11-29T12:25:19 IST" name="Default test" finished-at="2022-11-29T12:25:27 IST" duration-ms="7925">
      <class name="admin.Tests.UploadProductsImage">
        <test-method signature="testUpload()[pri:0, instance:admin.Tests.UploadProductsImage@7c24b813]" started-at="2022-11-29T12:25:19 IST" name="testUpload" finished-at="2022-11-29T12:25:27 IST" duration-ms="7868" status="PASS">
          <reporter-output>
          </reporter-output>
        </test-method> <!-- testUpload -->
      </class> <!-- admin.Tests.UploadProductsImage -->
    </test> <!-- Default test -->
  </suite> <!-- Default suite -->
</testng-results>
