<?xml version="1.0" encoding="UTF-8"?>
<testng-results ignored="0" total="2" passed="2" failed="0" skipped="0">
  <reporter-output>
  </reporter-output>
  <suite started-at="2022-10-11T19:36:17 IST" name="Default suite" finished-at="2022-10-11T19:36:36 IST" duration-ms="18528">
    <groups>
    </groups>
    <test started-at="2022-10-11T19:36:17 IST" name="Default test" finished-at="2022-10-11T19:36:36 IST" duration-ms="18528">
      <class name="Shop.Tests.CustomerCheckout">
        <test-method signature="placeOrder(java.util.HashMap)[pri:0, instance:Shop.Tests.CustomerCheckout@2c1b194a]" started-at="2022-10-11T19:36:18 IST" name="placeOrder" data-provider="getTestData" finished-at="2022-10-11T19:36:27 IST" duration-ms="9519" status="PASS">
          <params>
            <param index="0">
              <value>
                <![CDATA[{password=tom123, email=tom@example.com, productName=Sunglasses}]]>
              </value>
            </param>
          </params>
          <reporter-output>
          </reporter-output>
        </test-method> <!-- placeOrder -->
        <test-method signature="placeOrder(java.util.HashMap)[pri:0, instance:Shop.Tests.CustomerCheckout@2c1b194a]" started-at="2022-10-11T19:36:27 IST" name="placeOrder" data-provider="getTestData" finished-at="2022-10-11T19:36:36 IST" duration-ms="8654" status="PASS">
          <params>
            <param index="0">
              <value>
                <![CDATA[{password=admin123, email=user@example.com, productName=Men's Bomber}]]>
              </value>
            </param>
          </params>
          <reporter-output>
          </reporter-output>
        </test-method> <!-- placeOrder -->
        <test-method is-config="true" signature="closeBrowser()[pri:0, instance:Shop.Tests.CustomerCheckout@2c1b194a]" started-at="2022-10-11T19:36:36 IST" name="closeBrowser" finished-at="2022-10-11T19:36:36 IST" duration-ms="118" status="PASS">
          <reporter-output>
          </reporter-output>
        </test-method> <!-- closeBrowser -->
      </class> <!-- Shop.Tests.CustomerCheckout -->
    </test> <!-- Default test -->
  </suite> <!-- Default suite -->
</testng-results>
