<?xml version="1.0" encoding="UTF-8"?>
<testng-results ignored="0" total="1" passed="1" failed="0" skipped="0">
  <reporter-output>
  </reporter-output>
  <suite started-at="2022-11-08T19:25:38 IST" name="Suite" finished-at="2022-11-08T19:25:46 IST" duration-ms="7912">
    <groups>
    </groups>
    <test started-at="2022-11-08T19:25:38 IST" name="VerifyMiniCartPricing" finished-at="2022-11-08T19:25:46 IST" duration-ms="7912">
      <class name="Shop.Tests.VerifyMiniCart">
        <test-method signature="VerifyMiniCartPrice()[pri:0, instance:Shop.Tests.VerifyMiniCart@c88a337]" started-at="2022-11-08T19:25:38 IST" name="VerifyMiniCartPrice" finished-at="2022-11-08T19:25:46 IST" duration-ms="7882" status="PASS">
          <reporter-output>
          </reporter-output>
        </test-method> <!-- VerifyMiniCartPrice -->
        <test-method is-config="true" signature="closeBrowser()[pri:0, instance:Shop.Tests.VerifyMiniCart@c88a337]" started-at="2022-11-08T19:25:46 IST" name="closeBrowser" finished-at="2022-11-08T19:25:46 IST" duration-ms="1" status="PASS">
          <reporter-output>
          </reporter-output>
        </test-method> <!-- closeBrowser -->
      </class> <!-- Shop.Tests.VerifyMiniCart -->
    </test> <!-- VerifyMiniCartPricing -->
  </suite> <!-- Suite -->
</testng-results>
