<?xml version="1.0" encoding="UTF-8"?>
<testng-results ignored="0" total="2" passed="1" failed="1" skipped="0">
  <reporter-output>
  </reporter-output>
  <suite started-at="2022-12-16T19:27:22 IST" name="Default suite" finished-at="2022-12-16T19:27:30 IST" duration-ms="8192">
    <groups>
      <group name="AdminLoginTest.login">
        <method signature="AdminLoginTest.login(java.lang.String)[pri:0, instance:admin.Tests.AdminLoginTest@21282ed8]" name="login" class="admin.Tests.AdminLoginTest"/>
      </group> <!-- AdminLoginTest.login -->
    </groups>
    <test started-at="2022-12-16T19:27:22 IST" name="Default test" finished-at="2022-12-16T19:27:30 IST" duration-ms="8192">
      <class name="admin.Tests.AdminLoginTest">
        <test-method signature="login(java.lang.String)[pri:0, instance:admin.Tests.AdminLoginTest@21282ed8]" started-at="2022-12-16T19:27:22 IST" name="login" data-provider="getTestData" finished-at="2022-12-16T19:27:28 IST" duration-ms="6601" status="PASS">
          <params>
            <param index="0">
              <value>
                <![CDATA[admin123]]>
              </value>
            </param>
          </params>
          <reporter-output>
          </reporter-output>
        </test-method> <!-- login -->
      </class> <!-- admin.Tests.AdminLoginTest -->
      <class name="admin.Tests.SalesTest">
        <test-method signature="createShipping()[pri:0, instance:admin.Tests.SalesTest@4a883b15]" started-at="2022-12-16T19:27:28 IST" name="createShipping" depends-on-groups="AdminLoginTest.login" finished-at="2022-12-16T19:27:30 IST" duration-ms="1523" status="FAIL">
          <exception class="java.lang.NullPointerException">
            <message>
              <![CDATA[Cannot invoke "java.lang.Integer.intValue()" because the return value of "java.util.Map.get(Object)" is null]]>
            </message>
            <full-stacktrace>
              <![CDATA[java.lang.NullPointerException: Cannot invoke "java.lang.Integer.intValue()" because the return value of "java.util.Map.get(Object)" is null
at admin.pageobjects.SalesRepository.createShipping(SalesRepository.java:48)
at admin.Tests.SalesTest.createShipping(SalesTest.java:16)
at java.base/jdk.internal.reflect.NativeMethodAccessorImpl.invoke0(Native Method)
at java.base/jdk.internal.reflect.NativeMethodAccessorImpl.invoke(NativeMethodAccessorImpl.java:77)
at java.base/jdk.internal.reflect.DelegatingMethodAccessorImpl.invoke(DelegatingMethodAccessorImpl.java:43)
at java.base/java.lang.reflect.Method.invoke(Method.java:568)
at org.testng.internal.MethodInvocationHelper.invokeMethod(MethodInvocationHelper.java:133)
at org.testng.internal.TestInvoker.invokeMethod(TestInvoker.java:598)
at org.testng.internal.TestInvoker.invokeTestMethod(TestInvoker.java:173)
at org.testng.internal.MethodRunner.runInSequence(MethodRunner.java:46)
at org.testng.internal.TestInvoker$MethodInvocationAgent.invoke(TestInvoker.java:824)
at org.testng.internal.TestInvoker.invokeTestMethods(TestInvoker.java:146)
at org.testng.internal.TestMethodWorker.invokeTestMethods(TestMethodWorker.java:146)
at org.testng.internal.TestMethodWorker.run(TestMethodWorker.java:128)
at java.base/java.util.ArrayList.forEach(ArrayList.java:1511)
at org.testng.TestRunner.privateRun(TestRunner.java:794)
at org.testng.TestRunner.run(TestRunner.java:596)
at org.testng.SuiteRunner.runTest(SuiteRunner.java:377)
at org.testng.SuiteRunner.runSequentially(SuiteRunner.java:371)
at org.testng.SuiteRunner.privateRun(SuiteRunner.java:332)
at org.testng.SuiteRunner.run(SuiteRunner.java:276)
at org.testng.SuiteRunnerWorker.runSuite(SuiteRunnerWorker.java:53)
at org.testng.SuiteRunnerWorker.run(SuiteRunnerWorker.java:96)
at org.testng.TestNG.runSuitesSequentially(TestNG.java:1212)
at org.testng.TestNG.runSuitesLocally(TestNG.java:1134)
at org.testng.TestNG.runSuites(TestNG.java:1063)
at org.testng.TestNG.run(TestNG.java:1031)
at org.testng.remote.AbstractRemoteTestNG.run(AbstractRemoteTestNG.java:115)
at org.testng.remote.RemoteTestNG.initAndRun(RemoteTestNG.java:251)
at org.testng.remote.RemoteTestNG.main(RemoteTestNG.java:77)
]]>
            </full-stacktrace>
          </exception> <!-- java.lang.NullPointerException -->
          <reporter-output>
          </reporter-output>
        </test-method> <!-- createShipping -->
      </class> <!-- admin.Tests.SalesTest -->
    </test> <!-- Default test -->
  </suite> <!-- Default suite -->
</testng-results>
