<?xml version="1.0" encoding="UTF-8"?>
<testng-results ignored="0" total="2" passed="1" failed="1" skipped="0">
  <reporter-output>
  </reporter-output>
  <suite started-at="2022-11-26T10:06:12 IST" name="Suite" finished-at="2022-11-26T10:06:24 IST" duration-ms="11944">
    <groups>
    </groups>
    <test started-at="2022-11-26T10:06:12 IST" name="GuestCheckout" finished-at="2022-11-26T10:06:24 IST" duration-ms="11944">
      <class name="Shop.Tests.GuestCheckout">
        <test-method signature="placeOrder()[pri:0, instance:Shop.Tests.GuestCheckout@53f6fd09]" started-at="2022-11-26T10:06:12 IST" name="placeOrder" finished-at="2022-11-26T10:06:24 IST" duration-ms="11904" status="PASS">
          <reporter-output>
          </reporter-output>
        </test-method> <!-- placeOrder -->
        <test-method is-config="true" signature="closeBrowser()[pri:0, instance:Shop.Tests.GuestCheckout@53f6fd09]" started-at="2022-11-26T10:06:24 IST" name="closeBrowser" finished-at="2022-11-26T10:06:24 IST" duration-ms="1" status="PASS">
          <reporter-output>
          </reporter-output>
        </test-method> <!-- closeBrowser -->
      </class> <!-- Shop.Tests.GuestCheckout -->
    </test> <!-- GuestCheckout -->
    <test started-at="2022-11-26T10:06:12 IST" name="CustomerCheckout" finished-at="2022-11-26T10:06:23 IST" duration-ms="10728">
      <class name="Shop.Tests.CustomerCheckout">
        <test-method signature="CustomerplaceOrder(java.lang.String,java.lang.String,java.lang.String)[pri:0, instance:Shop.Tests.CustomerCheckout@492691d7]" started-at="2022-11-26T10:06:12 IST" name="CustomerplaceOrder" data-provider="getTestData" finished-at="2022-11-26T10:06:22 IST" duration-ms="9427" status="FAIL">
          <params>
            <param index="0">
              <value>
                <![CDATA[tom@example.com]]>
              </value>
            </param>
            <param index="1">
              <value>
                <![CDATA[tom123]]>
              </value>
            </param>
            <param index="2">
              <value>
                <![CDATA[Men's Bomber]]>
              </value>
            </param>
          </params>
          <exception class="org.openqa.selenium.ElementClickInterceptedException">
            <message>
              <![CDATA[element click intercepted: Element <button type="submit" class="btn btn-add-to-cart small-padding">...</button> is not clickable at point (1171, 19). Other element would receive the click: <div class="left-wrapper">...</div>
  (Session info: chrome=107.0.5304.110)
Build info: version: '4.4.0', revision: 'e5c75ed026a'
System info: host: 'sanjay237', ip: '192.168.15.237', os.name: 'Linux', os.arch: 'amd64', os.version: '5.15.0-53-generic', java.version: '17.0.3'
Driver info: org.openqa.selenium.chrome.ChromeDriver
Command: [6f90fb6778ac96d83f7d136ef4bff8d6, clickElement {id=cdb90f0d-bc61-4558-a290-3b691ded9abd}]
Capabilities {acceptInsecureCerts: false, browserName: chrome, browserVersion: 107.0.5304.110, chrome: {chromedriverVersion: 107.0.5304.62 (1eec40d3a576..., userDataDir: /tmp/.com.google.Chrome.2WOMC4}, goog:chromeOptions: {debuggerAddress: localhost:41417}, networkConnectionEnabled: false, pageLoadStrategy: normal, platformName: LINUX, proxy: Proxy(), se:cdp: ws://localhost:41417/devtoo..., se:cdpVersion: 107.0.5304.110, setWindowRect: true, strictFileInteractability: false, timeouts: {implicit: 0, pageLoad: 300000, script: 30000}, unhandledPromptBehavior: dismiss and notify, webauthn:extension:credBlob: true, webauthn:extension:largeBlob: true, webauthn:virtualAuthenticators: true}
Element: [[[[ChromeDriver: chrome on LINUX (6f90fb6778ac96d83f7d136ef4bff8d6)] -> css selector: .card-body]] -> css selector: .btn-add-to-cart]
Session ID: 6f90fb6778ac96d83f7d136ef4bff8d6]]>
            </message>
            <full-stacktrace>
              <![CDATA[org.openqa.selenium.ElementClickInterceptedException: element click intercepted: Element <button type="submit" class="btn btn-add-to-cart small-padding">...</button> is not clickable at point (1171, 19). Other element would receive the click: <div class="left-wrapper">...</div>
  (Session info: chrome=107.0.5304.110)
Build info: version: '4.4.0', revision: 'e5c75ed026a'
System info: host: 'sanjay237', ip: '192.168.15.237', os.name: 'Linux', os.arch: 'amd64', os.version: '5.15.0-53-generic', java.version: '17.0.3'
Driver info: org.openqa.selenium.chrome.ChromeDriver
Command: [6f90fb6778ac96d83f7d136ef4bff8d6, clickElement {id=cdb90f0d-bc61-4558-a290-3b691ded9abd}]
Capabilities {acceptInsecureCerts: false, browserName: chrome, browserVersion: 107.0.5304.110, chrome: {chromedriverVersion: 107.0.5304.62 (1eec40d3a576..., userDataDir: /tmp/.com.google.Chrome.2WOMC4}, goog:chromeOptions: {debuggerAddress: localhost:41417}, networkConnectionEnabled: false, pageLoadStrategy: normal, platformName: LINUX, proxy: Proxy(), se:cdp: ws://localhost:41417/devtoo..., se:cdpVersion: 107.0.5304.110, setWindowRect: true, strictFileInteractability: false, timeouts: {implicit: 0, pageLoad: 300000, script: 30000}, unhandledPromptBehavior: dismiss and notify, webauthn:extension:credBlob: true, webauthn:extension:largeBlob: true, webauthn:virtualAuthenticators: true}
Element: [[[[ChromeDriver: chrome on LINUX (6f90fb6778ac96d83f7d136ef4bff8d6)] -> css selector: .card-body]] -> css selector: .btn-add-to-cart]
Session ID: 6f90fb6778ac96d83f7d136ef4bff8d6
at java.base/jdk.internal.reflect.NativeConstructorAccessorImpl.newInstance0(Native Method)
at java.base/jdk.internal.reflect.NativeConstructorAccessorImpl.newInstance(NativeConstructorAccessorImpl.java:77)
at java.base/jdk.internal.reflect.DelegatingConstructorAccessorImpl.newInstance(DelegatingConstructorAccessorImpl.java:45)
at java.base/java.lang.reflect.Constructor.newInstanceWithCaller(Constructor.java:499)
at java.base/java.lang.reflect.Constructor.newInstance(Constructor.java:480)
at org.openqa.selenium.remote.codec.w3c.W3CHttpResponseCodec.createException(W3CHttpResponseCodec.java:200)
at org.openqa.selenium.remote.codec.w3c.W3CHttpResponseCodec.decode(W3CHttpResponseCodec.java:133)
at org.openqa.selenium.remote.codec.w3c.W3CHttpResponseCodec.decode(W3CHttpResponseCodec.java:53)
at org.openqa.selenium.remote.HttpCommandExecutor.execute(HttpCommandExecutor.java:184)
at org.openqa.selenium.remote.service.DriverCommandExecutor.invokeExecute(DriverCommandExecutor.java:167)
at org.openqa.selenium.remote.service.DriverCommandExecutor.execute(DriverCommandExecutor.java:142)
at org.openqa.selenium.remote.RemoteWebDriver.execute(RemoteWebDriver.java:547)
at org.openqa.selenium.remote.RemoteWebElement.execute(RemoteWebElement.java:257)
at org.openqa.selenium.remote.RemoteWebElement.click(RemoteWebElement.java:78)
at velocity.pageobjects.ProductListing.addProductToCart(ProductListing.java:44)
at Shop.Tests.CustomerCheckout.CustomerplaceOrder(CustomerCheckout.java:18)
at java.base/jdk.internal.reflect.NativeMethodAccessorImpl.invoke0(Native Method)
at java.base/jdk.internal.reflect.NativeMethodAccessorImpl.invoke(NativeMethodAccessorImpl.java:77)
at java.base/jdk.internal.reflect.DelegatingMethodAccessorImpl.invoke(DelegatingMethodAccessorImpl.java:43)
at java.base/java.lang.reflect.Method.invoke(Method.java:568)
at org.testng.internal.MethodInvocationHelper.invokeMethod(MethodInvocationHelper.java:133)
at org.testng.internal.TestInvoker.invokeMethod(TestInvoker.java:598)
at org.testng.internal.TestInvoker.invokeTestMethod(TestInvoker.java:173)
at org.testng.internal.MethodRunner.runInSequence(MethodRunner.java:46)
at org.testng.internal.TestInvoker$MethodInvocationAgent.invoke(TestInvoker.java:824)
at org.testng.internal.TestInvoker.invokeTestMethods(TestInvoker.java:146)
at org.testng.internal.TestMethodWorker.invokeTestMethods(TestMethodWorker.java:146)
at org.testng.internal.TestMethodWorker.run(TestMethodWorker.java:128)
at java.base/java.util.ArrayList.forEach(ArrayList.java:1511)
at org.testng.TestRunner.privateRun(TestRunner.java:794)
at org.testng.TestRunner.run(TestRunner.java:596)
at org.testng.SuiteRunner.runTest(SuiteRunner.java:377)
at org.testng.SuiteRunner.access$000(SuiteRunner.java:28)
at org.testng.SuiteRunner$SuiteWorker.run(SuiteRunner.java:418)
at org.testng.internal.thread.ThreadUtil.lambda$execute$0(ThreadUtil.java:64)
at java.base/java.util.concurrent.FutureTask.run(FutureTask.java:264)
at java.base/java.util.concurrent.ThreadPoolExecutor.runWorker(ThreadPoolExecutor.java:1136)
at java.base/java.util.concurrent.ThreadPoolExecutor$Worker.run(ThreadPoolExecutor.java:635)
at java.base/java.lang.Thread.run(Thread.java:833)
]]>
            </full-stacktrace>
          </exception> <!-- org.openqa.selenium.ElementClickInterceptedException -->
          <reporter-output>
          </reporter-output>
        </test-method> <!-- CustomerplaceOrder -->
        <test-method is-config="true" signature="closeBrowser()[pri:0, instance:Shop.Tests.CustomerCheckout@492691d7]" started-at="2022-11-26T10:06:23 IST" name="closeBrowser" finished-at="2022-11-26T10:06:23 IST" duration-ms="0" status="PASS">
          <reporter-output>
          </reporter-output>
        </test-method> <!-- closeBrowser -->
      </class> <!-- Shop.Tests.CustomerCheckout -->
    </test> <!-- CustomerCheckout -->
  </suite> <!-- Suite -->
</testng-results>
