<?xml version="1.0" encoding="UTF-8"?>
<testng-results ignored="0" total="2" passed="2" failed="0" skipped="0">
  <reporter-output>
  </reporter-output>
  <suite started-at="2022-12-07T19:42:34 IST" name="Default suite" finished-at="2022-12-07T19:42:42 IST" duration-ms="8145">
    <groups>
      <group name="AdminLoginTest.login">
        <method signature="AdminLoginTest.login(java.lang.String)[pri:0, instance:admin.Tests.AdminLoginTest@36916eb0]" name="login" class="admin.Tests.AdminLoginTest"/>
      </group> <!-- AdminLoginTest.login -->
    </groups>
    <test started-at="2022-12-07T19:42:34 IST" name="Default test" finished-at="2022-12-07T19:42:42 IST" duration-ms="8145">
      <class name="admin.Tests.AdminLoginTest">
        <test-method signature="login(java.lang.String)[pri:0, instance:admin.Tests.AdminLoginTest@36916eb0]" started-at="2022-12-07T19:42:34 IST" name="login" data-provider="getTestData" finished-at="2022-12-07T19:42:39 IST" duration-ms="5405" status="PASS">
          <params>
            <param index="0">
              <value>
                <![CDATA[admin123]]>
              </value>
            </param>
          </params>
          <reporter-output>
          </reporter-output>
        </test-method> <!-- login -->
        <test-method is-config="true" signature="closeBrowser()[pri:0, instance:admin.Tests.AdminLoginTest@36916eb0]" started-at="2022-12-07T19:42:39 IST" name="closeBrowser" finished-at="2022-12-07T19:42:39 IST" duration-ms="1" status="PASS">
          <reporter-output>
          </reporter-output>
        </test-method> <!-- closeBrowser -->
      </class> <!-- admin.Tests.AdminLoginTest -->
      <class name="common.VerifyProductPriceTest">
        <test-method signature="verifyPrice()[pri:0, instance:common.VerifyProductPriceTest@25641d39]" started-at="2022-12-07T19:42:39 IST" name="verifyPrice" depends-on-groups="AdminLoginTest.login" finished-at="2022-12-07T19:42:42 IST" duration-ms="2699" status="PASS">
          <reporter-output>
          </reporter-output>
        </test-method> <!-- verifyPrice -->
        <test-method is-config="true" signature="closeBrowser()[pri:0, instance:common.VerifyProductPriceTest@25641d39]" started-at="2022-12-07T19:42:42 IST" name="closeBrowser" finished-at="2022-12-07T19:42:42 IST" duration-ms="1" status="PASS">
          <reporter-output>
          </reporter-output>
        </test-method> <!-- closeBrowser -->
      </class> <!-- common.VerifyProductPriceTest -->
    </test> <!-- Default test -->
  </suite> <!-- Default suite -->
</testng-results>
