<?xml version="1.0" encoding="UTF-8"?>
<testng-results ignored="0" total="1" passed="1" failed="0" skipped="0">
  <reporter-output>
  </reporter-output>
  <suite started-at="2022-12-09T19:18:09 IST" name="Default suite" finished-at="2022-12-09T19:18:13 IST" duration-ms="4090">
    <groups>
    </groups>
    <test started-at="2022-12-09T19:18:09 IST" name="Default test" finished-at="2022-12-09T19:18:13 IST" duration-ms="4090">
      <class name="common.verifyCatalogRuleTest">
        <test-method signature="verify()[pri:0, instance:common.verifyCatalogRuleTest@5b03b9fe]" started-at="2022-12-09T19:18:09 IST" name="verify" finished-at="2022-12-09T19:18:13 IST" duration-ms="4063" status="PASS">
          <reporter-output>
          </reporter-output>
        </test-method> <!-- verify -->
      </class> <!-- common.verifyCatalogRuleTest -->
    </test> <!-- Default test -->
  </suite> <!-- Default suite -->
</testng-results>
