<?xml version="1.0" encoding="UTF-8"?>
<testng-results ignored="0" total="2" passed="2" failed="0" skipped="0">
  <reporter-output>
  </reporter-output>
  <suite started-at="2022-10-20T13:40:02 IST" name="Suite" finished-at="2022-10-20T13:40:22 IST" duration-ms="20431">
    <groups>
    </groups>
    <test started-at="2022-10-20T13:40:02 IST" name="CustomerCheckout" finished-at="2022-10-20T13:40:22 IST" duration-ms="20431">
      <class name="Shop.Tests.CustomerCheckout">
        <test-method signature="CustomerplaceOrder(java.util.HashMap)[pri:0, instance:Shop.Tests.CustomerCheckout@f5acb9d]" started-at="2022-10-20T13:40:02 IST" name="CustomerplaceOrder" data-provider="getTestData" finished-at="2022-10-20T13:40:13 IST" duration-ms="10369" status="PASS">
          <params>
            <param index="0">
              <value>
                <![CDATA[{password=tom123, email=tom@example.com, productName=Sunglasses}]]>
              </value>
            </param>
          </params>
          <reporter-output>
          </reporter-output>
        </test-method> <!-- CustomerplaceOrder -->
        <test-method is-config="true" signature="closeBrowser()[pri:0, instance:Shop.Tests.CustomerCheckout@f5acb9d]" started-at="2022-10-20T13:40:13 IST" name="closeBrowser" finished-at="2022-10-20T13:40:13 IST" duration-ms="180" status="PASS">
          <reporter-output>
          </reporter-output>
        </test-method> <!-- closeBrowser -->
        <test-method signature="CustomerplaceOrder(java.util.HashMap)[pri:0, instance:Shop.Tests.CustomerCheckout@f5acb9d]" started-at="2022-10-20T13:40:13 IST" name="CustomerplaceOrder" data-provider="getTestData" finished-at="2022-10-20T13:40:22 IST" duration-ms="9510" status="PASS">
          <params>
            <param index="0">
              <value>
                <![CDATA[{password=admin123, email=user@example.com, productName=Men's Bomber}]]>
              </value>
            </param>
          </params>
          <reporter-output>
          </reporter-output>
        </test-method> <!-- CustomerplaceOrder -->
        <test-method is-config="true" signature="closeBrowser()[pri:0, instance:Shop.Tests.CustomerCheckout@f5acb9d]" started-at="2022-10-20T13:40:22 IST" name="closeBrowser" finished-at="2022-10-20T13:40:22 IST" duration-ms="127" status="PASS">
          <reporter-output>
          </reporter-output>
        </test-method> <!-- closeBrowser -->
      </class> <!-- Shop.Tests.CustomerCheckout -->
    </test> <!-- CustomerCheckout -->
  </suite> <!-- Suite -->
</testng-results>
