<?xml version="1.0" encoding="UTF-8"?>
<testng-results ignored="0" total="1" passed="1" failed="0" skipped="0">
  <reporter-output>
  </reporter-output>
  <suite started-at="2022-12-12T17:53:57 IST" name="Default suite" finished-at="2022-12-12T17:54:03 IST" duration-ms="6258">
    <groups>
    </groups>
    <test started-at="2022-12-12T17:53:57 IST" name="Default test" finished-at="2022-12-12T17:54:03 IST" duration-ms="6258">
      <class name="Shop.Tests.VeryCartRuleTest">
        <test-method signature="veryfy()[pri:0, instance:Shop.Tests.VeryCartRuleTest@37d4349f]" started-at="2022-12-12T17:53:57 IST" name="veryfy" finished-at="2022-12-12T17:54:03 IST" duration-ms="6222" status="PASS">
          <reporter-output>
          </reporter-output>
        </test-method> <!-- veryfy -->
      </class> <!-- Shop.Tests.VeryCartRuleTest -->
    </test> <!-- Default test -->
  </suite> <!-- Default suite -->
</testng-results>
