<?xml version="1.0" encoding="UTF-8"?>
<testng-results ignored="0" total="1" passed="1" failed="0" skipped="0">
  <reporter-output>
  </reporter-output>
  <suite started-at="2023-03-01T15:22:35 IST" name="Default suite" finished-at="2023-03-01T15:22:47 IST" duration-ms="11536">
    <groups>
    </groups>
    <test started-at="2023-03-01T15:22:35 IST" name="Default test" finished-at="2023-03-01T15:22:47 IST" duration-ms="11536">
      <class name="Shop.Tests.ShopByCategory">
        <test-method signature="veryfyListingPage()[pri:0, instance:Shop.Tests.ShopByCategory@2805d709]" started-at="2023-03-01T15:22:35 IST" name="veryfyListingPage" finished-at="2023-03-01T15:22:47 IST" duration-ms="11510" status="PASS">
          <reporter-output>
          </reporter-output>
        </test-method> <!-- veryfyListingPage -->
      </class> <!-- Shop.Tests.ShopByCategory -->
    </test> <!-- Default test -->
  </suite> <!-- Default suite -->
</testng-results>
