<?xml version="1.0" encoding="UTF-8"?>
<testng-results ignored="0" total="2" passed="2" failed="0" skipped="0">
  <reporter-output>
  </reporter-output>
  <suite started-at="2022-11-30T17:11:57 IST" name="Default suite" finished-at="2022-11-30T17:12:42 IST" duration-ms="45043">
    <groups>
      <group name="AdminLoginTest.login">
        <method signature="AdminLoginTest.login(java.lang.String)[pri:0, instance:admin.Tests.AdminLoginTest@4dbb42b7]" name="login" class="admin.Tests.AdminLoginTest"/>
      </group> <!-- AdminLoginTest.login -->
    </groups>
    <test started-at="2022-11-30T17:11:57 IST" name="Default test" finished-at="2022-11-30T17:12:42 IST" duration-ms="45043">
      <class name="admin.Tests.AdminLoginTest">
        <test-method signature="login(java.lang.String)[pri:0, instance:admin.Tests.AdminLoginTest@4dbb42b7]" started-at="2022-11-30T17:11:57 IST" name="login" data-provider="getTestData" finished-at="2022-11-30T17:12:04 IST" duration-ms="7541" status="PASS">
          <params>
            <param index="0">
              <value>
                <![CDATA[admin123]]>
              </value>
            </param>
          </params>
          <reporter-output>
          </reporter-output>
        </test-method> <!-- login -->
        <test-method is-config="true" signature="closeBrowser()[pri:0, instance:admin.Tests.AdminLoginTest@4dbb42b7]" started-at="2022-11-30T17:12:04 IST" name="closeBrowser" finished-at="2022-11-30T17:12:04 IST" duration-ms="1" status="PASS">
          <reporter-output>
          </reporter-output>
        </test-method> <!-- closeBrowser -->
      </class> <!-- admin.Tests.AdminLoginTest -->
      <class name="admin.Tests.CreateSimpleProductTest">
        <test-method signature="Create()[pri:0, instance:admin.Tests.CreateSimpleProductTest@6221a451]" started-at="2022-11-30T17:12:04 IST" name="Create" depends-on-groups="AdminLoginTest.login" finished-at="2022-11-30T17:12:42 IST" duration-ms="37463" status="PASS">
          <reporter-output>
          </reporter-output>
        </test-method> <!-- Create -->
        <test-method is-config="true" signature="closeBrowser()[pri:0, instance:admin.Tests.CreateSimpleProductTest@6221a451]" started-at="2022-11-30T17:12:42 IST" name="closeBrowser" finished-at="2022-11-30T17:12:42 IST" duration-ms="1" status="PASS">
          <reporter-output>
          </reporter-output>
        </test-method> <!-- closeBrowser -->
      </class> <!-- admin.Tests.CreateSimpleProductTest -->
    </test> <!-- Default test -->
  </suite> <!-- Default suite -->
</testng-results>
