<?xml version="1.0" encoding="UTF-8"?>
<testng-results ignored="0" total="1" passed="1" failed="0" skipped="0">
  <reporter-output>
  </reporter-output>
  <suite started-at="2022-11-29T12:32:33 IST" name="Default suite" finished-at="2022-11-29T12:32:39 IST" duration-ms="5379">
    <groups>
    </groups>
    <test started-at="2022-11-29T12:32:33 IST" name="Default test" finished-at="2022-11-29T12:32:39 IST" duration-ms="5379">
      <class name="admin.Tests.UploadProductsImage">
        <test-method signature="testUpload()[pri:0, instance:admin.Tests.UploadProductsImage@57cf54e1]" started-at="2022-11-29T12:32:33 IST" name="testUpload" finished-at="2022-11-29T12:32:39 IST" duration-ms="5344" status="PASS">
          <reporter-output>
          </reporter-output>
        </test-method> <!-- testUpload -->
        <test-method is-config="true" signature="closeBrowser()[pri:0, instance:admin.Tests.UploadProductsImage@57cf54e1]" started-at="2022-11-29T12:32:39 IST" name="closeBrowser" finished-at="2022-11-29T12:32:39 IST" duration-ms="2" status="PASS">
          <reporter-output>
          </reporter-output>
        </test-method> <!-- closeBrowser -->
      </class> <!-- admin.Tests.UploadProductsImage -->
    </test> <!-- Default test -->
  </suite> <!-- Default suite -->
</testng-results>
