<?xml version="1.0" encoding="UTF-8"?>
<testng-results ignored="0" total="1" passed="1" failed="0" skipped="0">
  <reporter-output>
  </reporter-output>
  <suite started-at="2022-11-01T10:20:24 IST" name="Suite" finished-at="2022-11-01T10:20:37 IST" duration-ms="13234">
    <groups>
    </groups>
    <test started-at="2022-11-01T10:20:24 IST" name="GuestCheckout" finished-at="2022-11-01T10:20:37 IST" duration-ms="13234">
      <class name="Shop.Tests.GuestCheckout">
        <test-method signature="placeOrder()[pri:0, instance:Shop.Tests.GuestCheckout@47987356]" started-at="2022-11-01T10:20:24 IST" name="placeOrder" finished-at="2022-11-01T10:20:37 IST" duration-ms="13083" status="PASS">
          <reporter-output>
          </reporter-output>
        </test-method> <!-- placeOrder -->
        <test-method is-config="true" signature="closeBrowser()[pri:0, instance:Shop.Tests.GuestCheckout@47987356]" started-at="2022-11-01T10:20:37 IST" name="closeBrowser" finished-at="2022-11-01T10:20:37 IST" duration-ms="119" status="PASS">
          <reporter-output>
          </reporter-output>
        </test-method> <!-- closeBrowser -->
      </class> <!-- Shop.Tests.GuestCheckout -->
    </test> <!-- GuestCheckout -->
  </suite> <!-- Suite -->
</testng-results>
