<?xml version="1.0" encoding="UTF-8"?>
<testng-results ignored="0" total="1" passed="1" failed="0" skipped="0">
  <reporter-output>
  </reporter-output>
  <suite started-at="2022-11-08T14:02:35 IST" name="Default suite" finished-at="2022-11-08T14:02:43 IST" duration-ms="7080">
    <groups>
    </groups>
    <test started-at="2022-11-08T14:02:35 IST" name="Default test" finished-at="2022-11-08T14:02:43 IST" duration-ms="7080">
      <class name="Shop.Tests.VerifyMiniCart">
        <test-method signature="VerifyMiniCartPrice()[pri:0, instance:Shop.Tests.VerifyMiniCart@c88a337]" started-at="2022-11-08T14:02:35 IST" name="VerifyMiniCartPrice" finished-at="2022-11-08T14:02:43 IST" duration-ms="7048" status="PASS">
          <reporter-output>
          </reporter-output>
        </test-method> <!-- VerifyMiniCartPrice -->
        <test-method is-config="true" signature="closeBrowser()[pri:0, instance:Shop.Tests.VerifyMiniCart@c88a337]" started-at="2022-11-08T14:02:43 IST" name="closeBrowser" finished-at="2022-11-08T14:02:43 IST" duration-ms="1" status="PASS">
          <reporter-output>
          </reporter-output>
        </test-method> <!-- closeBrowser -->
      </class> <!-- Shop.Tests.VerifyMiniCart -->
    </test> <!-- Default test -->
  </suite> <!-- Default suite -->
</testng-results>
