<?xml version="1.0" encoding="UTF-8"?>
<testng-results ignored="0" total="2" passed="2" failed="0" skipped="0">
  <reporter-output>
  </reporter-output>
  <suite started-at="2022-12-12T16:11:17 IST" name="Default suite" finished-at="2022-12-12T16:11:26 IST" duration-ms="8630">
    <groups>
      <group name="AdminLoginTest.login">
        <method signature="AdminLoginTest.login(java.lang.String)[pri:0, instance:admin.Tests.AdminLoginTest@21282ed8]" name="login" class="admin.Tests.AdminLoginTest"/>
      </group> <!-- AdminLoginTest.login -->
    </groups>
    <test started-at="2022-12-12T16:11:17 IST" name="Default test" finished-at="2022-12-12T16:11:26 IST" duration-ms="8630">
      <class name="admin.Tests.AdminLoginTest">
        <test-method signature="login(java.lang.String)[pri:0, instance:admin.Tests.AdminLoginTest@21282ed8]" started-at="2022-12-12T16:11:18 IST" name="login" data-provider="getTestData" finished-at="2022-12-12T16:11:22 IST" duration-ms="3976" status="PASS">
          <params>
            <param index="0">
              <value>
                <![CDATA[admin123]]>
              </value>
            </param>
          </params>
          <reporter-output>
          </reporter-output>
        </test-method> <!-- login -->
      </class> <!-- admin.Tests.AdminLoginTest -->
      <class name="admin.Tests.ApplyCataloRuleTest">
        <test-method signature="create()[pri:0, instance:admin.Tests.ApplyCataloRuleTest@4a883b15]" started-at="2022-12-12T16:11:22 IST" name="create" depends-on-groups="AdminLoginTest.login" finished-at="2022-12-12T16:11:26 IST" duration-ms="4609" status="PASS">
          <reporter-output>
          </reporter-output>
        </test-method> <!-- create -->
      </class> <!-- admin.Tests.ApplyCataloRuleTest -->
    </test> <!-- Default test -->
  </suite> <!-- Default suite -->
</testng-results>
