<?xml version="1.0" encoding="UTF-8"?>
<testng-results ignored="0" total="2" passed="2" failed="0" skipped="0">
  <reporter-output>
  </reporter-output>
  <suite started-at="2022-10-12T15:44:43 IST" name="Default suite" finished-at="2022-10-12T15:44:59 IST" duration-ms="15789">
    <groups>
    </groups>
    <test started-at="2022-10-12T15:44:43 IST" name="Default test" finished-at="2022-10-12T15:44:59 IST" duration-ms="15789">
      <class name="Shop.Tests.CustomerCheckout">
        <test-method is-config="true" signature="extentReportConfig()[pri:0, instance:Shop.Tests.CustomerCheckout@3cebbb30]" started-at="2022-10-12T15:44:43 IST" name="extentReportConfig" finished-at="2022-10-12T15:44:43 IST" duration-ms="218" status="PASS">
          <reporter-output>
          </reporter-output>
        </test-method> <!-- extentReportConfig -->
        <test-method signature="placeOrder(java.util.HashMap)[pri:0, instance:Shop.Tests.CustomerCheckout@3cebbb30]" started-at="2022-10-12T15:44:44 IST" name="placeOrder" data-provider="getTestData" finished-at="2022-10-12T15:44:51 IST" duration-ms="7782" status="PASS">
          <params>
            <param index="0">
              <value>
                <![CDATA[{password=tom123, email=tom@example.com, productName=Sunglasses}]]>
              </value>
            </param>
          </params>
          <reporter-output>
          </reporter-output>
        </test-method> <!-- placeOrder -->
        <test-method signature="placeOrder(java.util.HashMap)[pri:0, instance:Shop.Tests.CustomerCheckout@3cebbb30]" started-at="2022-10-12T15:44:51 IST" name="placeOrder" data-provider="getTestData" finished-at="2022-10-12T15:44:59 IST" duration-ms="7499" status="PASS">
          <params>
            <param index="0">
              <value>
                <![CDATA[{password=admin123, email=user@example.com, productName=Men's Bomber}]]>
              </value>
            </param>
          </params>
          <reporter-output>
          </reporter-output>
        </test-method> <!-- placeOrder -->
        <test-method is-config="true" signature="closeBrowser()[pri:0, instance:Shop.Tests.CustomerCheckout@3cebbb30]" started-at="2022-10-12T15:44:59 IST" name="closeBrowser" finished-at="2022-10-12T15:44:59 IST" duration-ms="110" status="PASS">
          <reporter-output>
          </reporter-output>
        </test-method> <!-- closeBrowser -->
      </class> <!-- Shop.Tests.CustomerCheckout -->
    </test> <!-- Default test -->
  </suite> <!-- Default suite -->
</testng-results>
