<?xml version="1.0" encoding="UTF-8"?>
<testng-results ignored="0" total="1" passed="1" failed="0" skipped="0">
  <reporter-output>
  </reporter-output>
  <suite started-at="2023-02-02T19:16:34 IST" name="Default suite" finished-at="2023-02-02T19:16:43 IST" duration-ms="9003">
    <groups>
    </groups>
    <test started-at="2023-02-02T19:16:34 IST" name="Default test" finished-at="2023-02-02T19:16:43 IST" duration-ms="9003">
      <class name="Shop.Tests.AddCustomerAddressTest">
        <test-method signature="addCustomerAddress(java.util.HashMap)[pri:0, instance:Shop.Tests.AddCustomerAddressTest@7c711375]" started-at="2023-02-02T19:16:34 IST" name="addCustomerAddress" data-provider="getTestData" finished-at="2023-02-02T19:16:43 IST" duration-ms="8780" status="PASS">
          <params>
            <param index="0">
              <value>
                <![CDATA[{password=Sanjay@123#@!, email=sanjay.bhatt371@webkul.com, productName=jackaet}]]>
              </value>
            </param>
          </params>
          <reporter-output>
          </reporter-output>
        </test-method> <!-- addCustomerAddress -->
      </class> <!-- Shop.Tests.AddCustomerAddressTest -->
    </test> <!-- Default test -->
  </suite> <!-- Default suite -->
</testng-results>
