<?xml version="1.0" encoding="UTF-8"?>
<testng-results ignored="0" total="1" passed="1" failed="0" skipped="0">
  <reporter-output>
  </reporter-output>
  <suite started-at="2022-11-28T19:54:49 IST" name="Default suite" finished-at="2022-11-28T19:54:58 IST" duration-ms="9596">
    <groups>
    </groups>
    <test started-at="2022-11-28T19:54:49 IST" name="Default test" finished-at="2022-11-28T19:54:58 IST" duration-ms="9596">
      <class name="admin.Tests.CreateSimpleProduct">
        <test-method signature="Create()[pri:0, instance:admin.Tests.CreateSimpleProduct@5a56cdac]" started-at="2022-11-28T19:54:49 IST" name="Create" finished-at="2022-11-28T19:54:58 IST" duration-ms="9565" status="PASS">
          <reporter-output>
          </reporter-output>
        </test-method> <!-- Create -->
        <test-method is-config="true" signature="closeBrowser()[pri:0, instance:admin.Tests.CreateSimpleProduct@5a56cdac]" started-at="2022-11-28T19:54:58 IST" name="closeBrowser" finished-at="2022-11-28T19:54:58 IST" duration-ms="1" status="PASS">
          <reporter-output>
          </reporter-output>
        </test-method> <!-- closeBrowser -->
      </class> <!-- admin.Tests.CreateSimpleProduct -->
    </test> <!-- Default test -->
  </suite> <!-- Default suite -->
</testng-results>
