<?xml version="1.0" encoding="UTF-8"?>
<testng-results ignored="0" total="1" passed="0" failed="1" skipped="0">
  <reporter-output>
  </reporter-output>
  <suite started-at="2022-11-09T17:08:18 IST" name="Suite" finished-at="2022-11-09T17:08:28 IST" duration-ms="10023">
    <groups>
    </groups>
    <test started-at="2022-11-09T17:08:18 IST" name="CustomerCheckout" finished-at="2022-11-09T17:08:28 IST" duration-ms="10023">
      <class name="Shop.Tests.CustomerCheckout">
        <test-method signature="CustomerplaceOrder(java.lang.String,java.lang.String,java.lang.String)[pri:0, instance:Shop.Tests.CustomerCheckout@53ce1329]" started-at="2022-11-09T17:08:18 IST" name="CustomerplaceOrder" data-provider="getTestData" finished-at="2022-11-09T17:08:28 IST" duration-ms="9986" status="FAIL">
          <params>
            <param index="0">
              <value>
                <![CDATA[tom@example.com]]>
              </value>
            </param>
            <param index="1">
              <value>
                <![CDATA[tom123]]>
              </value>
            </param>
            <param index="2">
              <value>
                <![CDATA[Men's Bomber]]>
              </value>
            </param>
          </params>
          <exception class="java.lang.ClassCastException">
            <message>
              <![CDATA[class jdk.proxy2.$Proxy16 cannot be cast to class org.openqa.selenium.WebElement (jdk.proxy2.$Proxy16 is in module jdk.proxy2 of loader 'app'; org.openqa.selenium.WebElement is in unnamed module of loader 'app')]]>
            </message>
            <full-stacktrace>
              <![CDATA[java.lang.ClassCastException: class jdk.proxy2.$Proxy16 cannot be cast to class org.openqa.selenium.WebElement (jdk.proxy2.$Proxy16 is in module jdk.proxy2 of loader 'app'; org.openqa.selenium.WebElement is in unnamed module of loader 'app')
at velocity.pageobjects.CartPageVerify.calCulatePrice(CartPageVerify.java:41)
at Shop.Tests.CustomerCheckout.CustomerplaceOrder(CustomerCheckout.java:25)
at java.base/jdk.internal.reflect.NativeMethodAccessorImpl.invoke0(Native Method)
at java.base/jdk.internal.reflect.NativeMethodAccessorImpl.invoke(NativeMethodAccessorImpl.java:77)
at java.base/jdk.internal.reflect.DelegatingMethodAccessorImpl.invoke(DelegatingMethodAccessorImpl.java:43)
at java.base/java.lang.reflect.Method.invoke(Method.java:568)
at org.testng.internal.MethodInvocationHelper.invokeMethod(MethodInvocationHelper.java:133)
at org.testng.internal.TestInvoker.invokeMethod(TestInvoker.java:598)
at org.testng.internal.TestInvoker.invokeTestMethod(TestInvoker.java:173)
at org.testng.internal.MethodRunner.runInSequence(MethodRunner.java:46)
at org.testng.internal.TestInvoker$MethodInvocationAgent.invoke(TestInvoker.java:824)
at org.testng.internal.TestInvoker.invokeTestMethods(TestInvoker.java:146)
at org.testng.internal.TestMethodWorker.invokeTestMethods(TestMethodWorker.java:146)
at org.testng.internal.TestMethodWorker.run(TestMethodWorker.java:128)
at java.base/java.util.ArrayList.forEach(ArrayList.java:1511)
at org.testng.TestRunner.privateRun(TestRunner.java:794)
at org.testng.TestRunner.run(TestRunner.java:596)
at org.testng.SuiteRunner.runTest(SuiteRunner.java:377)
at org.testng.SuiteRunner.runSequentially(SuiteRunner.java:371)
at org.testng.SuiteRunner.privateRun(SuiteRunner.java:332)
at org.testng.SuiteRunner.run(SuiteRunner.java:276)
at org.testng.SuiteRunnerWorker.runSuite(SuiteRunnerWorker.java:53)
at org.testng.SuiteRunnerWorker.run(SuiteRunnerWorker.java:96)
at org.testng.TestNG.runSuitesSequentially(TestNG.java:1212)
at org.testng.TestNG.runSuitesLocally(TestNG.java:1134)
at org.testng.TestNG.runSuites(TestNG.java:1063)
at org.testng.TestNG.run(TestNG.java:1031)
at org.testng.remote.AbstractRemoteTestNG.run(AbstractRemoteTestNG.java:115)
at org.testng.remote.RemoteTestNG.initAndRun(RemoteTestNG.java:251)
at org.testng.remote.RemoteTestNG.main(RemoteTestNG.java:77)
]]>
            </full-stacktrace>
          </exception> <!-- java.lang.ClassCastException -->
          <reporter-output>
          </reporter-output>
        </test-method> <!-- CustomerplaceOrder -->
        <test-method is-config="true" signature="closeBrowser()[pri:0, instance:Shop.Tests.CustomerCheckout@53ce1329]" started-at="2022-11-09T17:08:28 IST" name="closeBrowser" finished-at="2022-11-09T17:08:28 IST" duration-ms="1" status="PASS">
          <reporter-output>
          </reporter-output>
        </test-method> <!-- closeBrowser -->
      </class> <!-- Shop.Tests.CustomerCheckout -->
    </test> <!-- CustomerCheckout -->
  </suite> <!-- Suite -->
</testng-results>
