<?xml version="1.0" encoding="UTF-8"?>
<testng-results ignored="0" total="3" passed="3" failed="0" skipped="0">
  <reporter-output>
  </reporter-output>
  <suite started-at="2022-10-12T17:51:40 IST" name="Suite" finished-at="2022-10-12T17:52:00 IST" duration-ms="20397">
    <groups>
    </groups>
    <test started-at="2022-10-12T17:51:40 IST" name="GuestCheckout" finished-at="2022-10-12T17:51:48 IST" duration-ms="8208">
      <class name="Shop.Tests.CustomerCheckout">
        <test-method is-config="true" signature="extentReportConfig()[pri:0, instance:Shop.Tests.CustomerCheckout@201a4587]" started-at="2022-10-12T17:51:40 IST" name="extentReportConfig" finished-at="2022-10-12T17:51:40 IST" duration-ms="203" status="PASS">
          <reporter-output>
          </reporter-output>
        </test-method> <!-- extentReportConfig -->
      </class> <!-- Shop.Tests.CustomerCheckout -->
      <class name="Shop.Tests.GuestCheckout">
        <test-method signature="placeOrder()[pri:0, instance:Shop.Tests.GuestCheckout@4d154ccd]" started-at="2022-10-12T17:51:40 IST" name="placeOrder" finished-at="2022-10-12T17:51:48 IST" duration-ms="8049" status="PASS">
          <reporter-output>
          </reporter-output>
        </test-method> <!-- placeOrder -->
        <test-method is-config="true" signature="closeBrowser()[pri:0, instance:Shop.Tests.GuestCheckout@4d154ccd]" started-at="2022-10-12T17:51:48 IST" name="closeBrowser" finished-at="2022-10-12T17:51:48 IST" duration-ms="136" status="PASS">
          <reporter-output>
          </reporter-output>
        </test-method> <!-- closeBrowser -->
      </class> <!-- Shop.Tests.GuestCheckout -->
    </test> <!-- GuestCheckout -->
    <test started-at="2022-10-12T17:51:40 IST" name="CustomerCheckout" finished-at="2022-10-12T17:52:00 IST" duration-ms="20396">
      <class name="Shop.Tests.CustomerCheckout">
        <test-method signature="placeOrder(java.util.HashMap)[pri:0, instance:Shop.Tests.CustomerCheckout@201a4587]" started-at="2022-10-12T17:51:40 IST" name="placeOrder" data-provider="getTestData" finished-at="2022-10-12T17:51:53 IST" duration-ms="12736" status="PASS">
          <params>
            <param index="0">
              <value>
                <![CDATA[{password=tom123, email=tom@example.com, productName=Sunglasses}]]>
              </value>
            </param>
          </params>
          <reporter-output>
          </reporter-output>
        </test-method> <!-- placeOrder -->
        <test-method signature="placeOrder(java.util.HashMap)[pri:0, instance:Shop.Tests.CustomerCheckout@201a4587]" started-at="2022-10-12T17:51:53 IST" name="placeOrder" data-provider="getTestData" finished-at="2022-10-12T17:52:00 IST" duration-ms="7392" status="PASS">
          <params>
            <param index="0">
              <value>
                <![CDATA[{password=admin123, email=user@example.com, productName=Men's Bomber}]]>
              </value>
            </param>
          </params>
          <reporter-output>
          </reporter-output>
        </test-method> <!-- placeOrder -->
        <test-method is-config="true" signature="closeBrowser()[pri:0, instance:Shop.Tests.CustomerCheckout@201a4587]" started-at="2022-10-12T17:52:00 IST" name="closeBrowser" finished-at="2022-10-12T17:52:00 IST" duration-ms="94" status="PASS">
          <reporter-output>
          </reporter-output>
        </test-method> <!-- closeBrowser -->
      </class> <!-- Shop.Tests.CustomerCheckout -->
    </test> <!-- CustomerCheckout -->
  </suite> <!-- Suite -->
</testng-results>
