<?xml version="1.0" encoding="UTF-8"?>
<testng-results ignored="0" total="1" passed="1" failed="0" skipped="0">
  <reporter-output>
  </reporter-output>
  <suite started-at="2023-01-23T16:16:36 IST" name="Default suite" finished-at="2023-01-23T16:16:42 IST" duration-ms="6312">
    <groups>
    </groups>
    <test started-at="2023-01-23T16:16:36 IST" name="Default test" finished-at="2023-01-23T16:16:42 IST" duration-ms="6312">
      <class name="Shop.Tests.FlipKartSearch">
        <test-method signature="flipKartTest()[pri:0, instance:Shop.Tests.FlipKartSearch@35aea049]" started-at="2023-01-23T16:16:36 IST" name="flipKartTest" finished-at="2023-01-23T16:16:42 IST" duration-ms="6282" status="PASS">
          <reporter-output>
          </reporter-output>
        </test-method> <!-- flipKartTest -->
      </class> <!-- Shop.Tests.FlipKartSearch -->
    </test> <!-- Default test -->
  </suite> <!-- Default suite -->
</testng-results>
