<?xml version="1.0" encoding="UTF-8"?>
<testng-results ignored="0" total="3" passed="3" failed="0" skipped="0">
  <reporter-output>
  </reporter-output>
  <suite started-at="2022-10-19T12:18:33 IST" name="Suite" finished-at="2022-10-19T12:18:56 IST" duration-ms="22782">
    <groups>
    </groups>
    <test started-at="2022-10-19T12:18:33 IST" name="GuestCheckout" finished-at="2022-10-19T12:18:45 IST" duration-ms="12003">
      <class name="Shop.Tests.GuestCheckout">
        <test-method signature="placeOrder()[pri:0, instance:Shop.Tests.GuestCheckout@484094a5]" started-at="2022-10-19T12:18:33 IST" name="placeOrder" finished-at="2022-10-19T12:18:45 IST" duration-ms="11856" status="PASS">
          <reporter-output>
          </reporter-output>
        </test-method> <!-- placeOrder -->
        <test-method is-config="true" signature="closeBrowser()[pri:0, instance:Shop.Tests.GuestCheckout@484094a5]" started-at="2022-10-19T12:18:45 IST" name="closeBrowser" finished-at="2022-10-19T12:18:45 IST" duration-ms="114" status="PASS">
          <reporter-output>
          </reporter-output>
        </test-method> <!-- closeBrowser -->
      </class> <!-- Shop.Tests.GuestCheckout -->
    </test> <!-- GuestCheckout -->
    <test started-at="2022-10-19T12:18:33 IST" name="CustomerCheckout" finished-at="2022-10-19T12:18:56 IST" duration-ms="22782">
      <class name="Shop.Tests.CustomerCheckout">
        <test-method signature="CustomerplaceOrder(java.util.HashMap)[pri:0, instance:Shop.Tests.CustomerCheckout@49c66ade]" started-at="2022-10-19T12:18:33 IST" name="CustomerplaceOrder" data-provider="getTestData" finished-at="2022-10-19T12:18:47 IST" duration-ms="13499" status="PASS">
          <params>
            <param index="0">
              <value>
                <![CDATA[{password=tom123, email=tom@example.com, productName=Sunglasses}]]>
              </value>
            </param>
          </params>
          <reporter-output>
          </reporter-output>
        </test-method> <!-- CustomerplaceOrder -->
        <test-method is-config="true" signature="closeBrowser()[pri:0, instance:Shop.Tests.CustomerCheckout@49c66ade]" started-at="2022-10-19T12:18:47 IST" name="closeBrowser" finished-at="2022-10-19T12:18:47 IST" duration-ms="122" status="PASS">
          <reporter-output>
          </reporter-output>
        </test-method> <!-- closeBrowser -->
        <test-method signature="CustomerplaceOrder(java.util.HashMap)[pri:0, instance:Shop.Tests.CustomerCheckout@49c66ade]" started-at="2022-10-19T12:18:47 IST" name="CustomerplaceOrder" data-provider="getTestData" finished-at="2022-10-19T12:18:56 IST" duration-ms="8870" status="PASS">
          <params>
            <param index="0">
              <value>
                <![CDATA[{password=admin123, email=user@example.com, productName=Men's Bomber}]]>
              </value>
            </param>
          </params>
          <reporter-output>
          </reporter-output>
        </test-method> <!-- CustomerplaceOrder -->
        <test-method is-config="true" signature="closeBrowser()[pri:0, instance:Shop.Tests.CustomerCheckout@49c66ade]" started-at="2022-10-19T12:18:56 IST" name="closeBrowser" finished-at="2022-10-19T12:18:56 IST" duration-ms="119" status="PASS">
          <reporter-output>
          </reporter-output>
        </test-method> <!-- closeBrowser -->
      </class> <!-- Shop.Tests.CustomerCheckout -->
    </test> <!-- CustomerCheckout -->
  </suite> <!-- Suite -->
</testng-results>
