<?xml version="1.0" encoding="UTF-8"?>
<testng-results ignored="0" total="1" passed="1" failed="0" skipped="0">
  <reporter-output>
  </reporter-output>
  <suite started-at="2023-01-11T15:41:09 IST" name="Suite" finished-at="2023-01-11T15:42:08 IST" duration-ms="59298">
    <groups>
    </groups>
    <test started-at="2023-01-11T15:41:09 IST" name="CustomerCheckoutTest" finished-at="2023-01-11T15:42:08 IST" duration-ms="59298">
      <class name="Shop.Tests.CustomerCheckoutTest">
        <test-method signature="CustomerplaceOrder(java.util.HashMap)[pri:0, instance:Shop.Tests.CustomerCheckoutTest@132e0cc]" started-at="2023-01-11T15:41:09 IST" name="CustomerplaceOrder" data-provider="getTestData" finished-at="2023-01-11T15:42:08 IST" duration-ms="59119" status="PASS">
          <params>
            <param index="0">
              <value>
                <![CDATA[{password=Sanjay@123#@!, email=sanjay.bhatt371@webkul.com, productName=jackaet}]]>
              </value>
            </param>
          </params>
          <reporter-output>
          </reporter-output>
        </test-method> <!-- CustomerplaceOrder -->
      </class> <!-- Shop.Tests.CustomerCheckoutTest -->
    </test> <!-- CustomerCheckoutTest -->
  </suite> <!-- Suite -->
</testng-results>
