<?xml version="1.0" encoding="UTF-8"?>
<testng-results ignored="0" total="2" passed="2" failed="0" skipped="0">
  <reporter-output>
  </reporter-output>
  <suite started-at="2022-11-07T16:59:51 IST" name="Suite" finished-at="2022-11-07T17:00:07 IST" duration-ms="16527">
    <groups>
    </groups>
    <test started-at="2022-11-07T16:59:51 IST" name="CustomerCheckout" finished-at="2022-11-07T17:00:07 IST" duration-ms="16527">
      <class name="Shop.Tests.CustomerCheckout">
        <test-method signature="CustomerplaceOrder(java.util.HashMap)[pri:0, instance:Shop.Tests.CustomerCheckout@593aaf41]" started-at="2022-11-07T16:59:51 IST" name="CustomerplaceOrder" data-provider="getTestData" finished-at="2022-11-07T17:00:00 IST" duration-ms="8925" status="PASS">
          <params>
            <param index="0">
              <value>
                <![CDATA[{password=tom123, email=tom@example.com, productName=Men's Bomber}]]>
              </value>
            </param>
          </params>
          <reporter-output>
          </reporter-output>
        </test-method> <!-- CustomerplaceOrder -->
        <test-method is-config="true" signature="closeBrowser()[pri:0, instance:Shop.Tests.CustomerCheckout@593aaf41]" started-at="2022-11-07T17:00:00 IST" name="closeBrowser" finished-at="2022-11-07T17:00:00 IST" duration-ms="0" status="PASS">
          <reporter-output>
          </reporter-output>
        </test-method> <!-- closeBrowser -->
        <test-method signature="CustomerplaceOrder(java.util.HashMap)[pri:0, instance:Shop.Tests.CustomerCheckout@593aaf41]" started-at="2022-11-07T17:00:00 IST" name="CustomerplaceOrder" data-provider="getTestData" finished-at="2022-11-07T17:00:07 IST" duration-ms="7375" status="PASS">
          <params>
            <param index="0">
              <value>
                <![CDATA[{password=admin123, email=user@example.com, productName=Sunglasses}]]>
              </value>
            </param>
          </params>
          <reporter-output>
          </reporter-output>
        </test-method> <!-- CustomerplaceOrder -->
        <test-method is-config="true" signature="closeBrowser()[pri:0, instance:Shop.Tests.CustomerCheckout@593aaf41]" started-at="2022-11-07T17:00:07 IST" name="closeBrowser" finished-at="2022-11-07T17:00:07 IST" duration-ms="1" status="PASS">
          <reporter-output>
          </reporter-output>
        </test-method> <!-- closeBrowser -->
      </class> <!-- Shop.Tests.CustomerCheckout -->
    </test> <!-- CustomerCheckout -->
  </suite> <!-- Suite -->
</testng-results>
