<?xml version="1.0" encoding="UTF-8"?>
<testng-results ignored="0" total="1" passed="1" failed="0" skipped="0">
  <reporter-output>
  </reporter-output>
  <suite started-at="2022-11-03T15:15:55 IST" name="Default suite" finished-at="2022-11-03T15:16:02 IST" duration-ms="7639">
    <groups>
    </groups>
    <test started-at="2022-11-03T15:15:55 IST" name="Default test" finished-at="2022-11-03T15:16:02 IST" duration-ms="7639">
      <class name="Shop.Tests.VerifyMiniCart">
        <test-method signature="VerifyMiniCartPrice()[pri:0, instance:Shop.Tests.VerifyMiniCart@47987356]" started-at="2022-11-03T15:15:55 IST" name="VerifyMiniCartPrice" finished-at="2022-11-03T15:16:02 IST" duration-ms="7596" status="PASS">
          <reporter-output>
          </reporter-output>
        </test-method> <!-- VerifyMiniCartPrice -->
        <test-method is-config="true" signature="closeBrowser()[pri:0, instance:Shop.Tests.VerifyMiniCart@47987356]" started-at="2022-11-03T15:16:02 IST" name="closeBrowser" finished-at="2022-11-03T15:16:02 IST" duration-ms="3" status="PASS">
          <reporter-output>
          </reporter-output>
        </test-method> <!-- closeBrowser -->
      </class> <!-- Shop.Tests.VerifyMiniCart -->
    </test> <!-- Default test -->
  </suite> <!-- Default suite -->
</testng-results>
