<?xml version="1.0" encoding="UTF-8"?>
<testng-results ignored="0" total="1" passed="1" failed="0" skipped="0">
  <reporter-output>
  </reporter-output>
  <suite started-at="2023-02-16T19:35:38 IST" name="Default suite" finished-at="2023-02-16T19:35:42 IST" duration-ms="4268">
    <groups>
    </groups>
    <test started-at="2023-02-16T19:35:38 IST" name="Default test" finished-at="2023-02-16T19:35:42 IST" duration-ms="4268">
      <class name="Shop.Tests.FlipKartSearch">
        <test-method signature="flipKartTest()[pri:0, instance:Shop.Tests.FlipKartSearch@4fb3ee4e]" started-at="2023-02-16T19:35:38 IST" name="flipKartTest" finished-at="2023-02-16T19:35:42 IST" duration-ms="4240" status="PASS">
          <reporter-output>
          </reporter-output>
        </test-method> <!-- flipKartTest -->
      </class> <!-- Shop.Tests.FlipKartSearch -->
    </test> <!-- Default test -->
  </suite> <!-- Default suite -->
</testng-results>
