<?xml version="1.0" encoding="UTF-8"?>
<testng-results ignored="0" total="1" passed="1" failed="0" skipped="0">
  <reporter-output>
  </reporter-output>
  <suite started-at="2022-12-06T19:12:46 IST" name="Default suite" finished-at="2022-12-06T19:12:46 IST" duration-ms="502">
    <groups>
    </groups>
    <test started-at="2022-12-06T19:12:46 IST" name="Default test" finished-at="2022-12-06T19:12:46 IST" duration-ms="502">
      <class name="admin.Tests.ProductPriceVerifyTest">
        <test-method signature="priceVerify()[pri:0, instance:admin.Tests.ProductPriceVerifyTest@5b03b9fe]" started-at="2022-12-06T19:12:46 IST" name="priceVerify" finished-at="2022-12-06T19:12:46 IST" duration-ms="474" status="PASS">
          <reporter-output>
          </reporter-output>
        </test-method> <!-- priceVerify -->
        <test-method is-config="true" signature="closeBrowser()[pri:0, instance:admin.Tests.ProductPriceVerifyTest@5b03b9fe]" started-at="2022-12-06T19:12:46 IST" name="closeBrowser" finished-at="2022-12-06T19:12:46 IST" duration-ms="1" status="PASS">
          <reporter-output>
          </reporter-output>
        </test-method> <!-- closeBrowser -->
      </class> <!-- admin.Tests.ProductPriceVerifyTest -->
    </test> <!-- Default test -->
  </suite> <!-- Default suite -->
</testng-results>
