<?xml version="1.0" encoding="UTF-8"?>
<testng-results ignored="0" total="1" passed="1" failed="0" skipped="0">
  <reporter-output>
  </reporter-output>
  <suite started-at="2022-10-07T16:31:45 IST" name="Default suite" finished-at="2022-10-07T16:31:54 IST" duration-ms="9158">
    <groups>
    </groups>
    <test started-at="2022-10-07T16:31:45 IST" name="Default test" finished-at="2022-10-07T16:31:54 IST" duration-ms="9158">
      <class name="bagisto.automationFramework.CustomerPlaceOrder">
        <test-method signature="placeOrder()[pri:0, instance:bagisto.automationFramework.CustomerPlaceOrder@54bff557]" started-at="2022-10-07T16:31:45 IST" name="placeOrder" finished-at="2022-10-07T16:31:54 IST" duration-ms="9122" status="PASS">
          <reporter-output>
          </reporter-output>
        </test-method> <!-- placeOrder -->
        <test-method is-config="true" signature="closeBrowser()[pri:0, instance:bagisto.automationFramework.CustomerPlaceOrder@54bff557]" started-at="2022-10-07T16:31:54 IST" name="closeBrowser" finished-at="2022-10-07T16:31:54 IST" duration-ms="1" status="PASS">
          <reporter-output>
          </reporter-output>
        </test-method> <!-- closeBrowser -->
      </class> <!-- bagisto.automationFramework.CustomerPlaceOrder -->
    </test> <!-- Default test -->
  </suite> <!-- Default suite -->
</testng-results>
