<?xml version="1.0" encoding="UTF-8"?>
<testng-results ignored="0" total="2" passed="2" failed="0" skipped="0">
  <reporter-output>
  </reporter-output>
  <suite started-at="2022-10-10T18:39:08 IST" name="Default suite" finished-at="2022-10-10T18:39:26 IST" duration-ms="18310">
    <groups>
    </groups>
    <test started-at="2022-10-10T18:39:08 IST" name="Default test" finished-at="2022-10-10T18:39:26 IST" duration-ms="18310">
      <class name="bagisto.automationFramework.CustomerCheckout">
        <test-method signature="placeOrder(java.util.HashMap)[pri:0, instance:bagisto.automationFramework.CustomerCheckout@3e11f9e9]" started-at="2022-10-10T18:39:08 IST" name="placeOrder" data-provider="getTestData" finished-at="2022-10-10T18:39:17 IST" duration-ms="9580" status="PASS">
          <params>
            <param index="0">
              <value>
                <![CDATA[{password=tom123, email=tom@example.com, productName=Sunglasses}]]>
              </value>
            </param>
          </params>
          <reporter-output>
          </reporter-output>
        </test-method> <!-- placeOrder -->
        <test-method signature="placeOrder(java.util.HashMap)[pri:0, instance:bagisto.automationFramework.CustomerCheckout@3e11f9e9]" started-at="2022-10-10T18:39:17 IST" name="placeOrder" data-provider="getTestData" finished-at="2022-10-10T18:39:26 IST" duration-ms="8678" status="PASS">
          <params>
            <param index="0">
              <value>
                <![CDATA[{password=admin123, email=user@example.com, productName=Men's Bomber}]]>
              </value>
            </param>
          </params>
          <reporter-output>
          </reporter-output>
        </test-method> <!-- placeOrder -->
        <test-method is-config="true" signature="closeBrowser()[pri:0, instance:bagisto.automationFramework.CustomerCheckout@3e11f9e9]" started-at="2022-10-10T18:39:26 IST" name="closeBrowser" finished-at="2022-10-10T18:39:26 IST" duration-ms="1" status="PASS">
          <reporter-output>
          </reporter-output>
        </test-method> <!-- closeBrowser -->
      </class> <!-- bagisto.automationFramework.CustomerCheckout -->
    </test> <!-- Default test -->
  </suite> <!-- Default suite -->
</testng-results>
