<?xml version="1.0" encoding="UTF-8"?>
<!-- Generated by org.testng.reporters.JUnitXMLReporter -->
<testsuite ignored="0" hostname="sanjay237" failures="1" tests="1" name="CustomerCheckout" time="10.023" errors="0" timestamp="2022-11-09T17:08:28 IST">
  <testcase classname="Shop.Tests.CustomerCheckout" name="CustomerplaceOrder" time="9.986">
    <failure type="java.lang.ClassCastException" message="class jdk.proxy2.$Proxy16 cannot be cast to class org.openqa.selenium.WebElement (jdk.proxy2.$Proxy16 is in module jdk.proxy2 of loader &amp;apos;app&amp;apos;; org.openqa.selenium.WebElement is in unnamed module of loader &amp;apos;app&amp;apos;)">
      <![CDATA[java.lang.ClassCastException: class jdk.proxy2.$Proxy16 cannot be cast to class org.openqa.selenium.WebElement (jdk.proxy2.$Proxy16 is in module jdk.proxy2 of loader 'app'; org.openqa.selenium.WebElement is in unnamed module of loader 'app')
at velocity.pageobjects.CartPageVerify.calCulatePrice(CartPageVerify.java:41)
at Shop.Tests.CustomerCheckout.CustomerplaceOrder(CustomerCheckout.java:25)
at java.base/java.util.ArrayList.forEach(ArrayList.java:1511)
... Removed 27 stack frames]]>
    </failure>
  </testcase> <!-- CustomerplaceOrder -->
</testsuite> <!-- CustomerCheckout -->
