<?xml version="1.0" encoding="UTF-8"?>
<!-- Generated by org.testng.reporters.JUnitXMLReporter -->
<testsuite ignored="0" hostname="sanjay237" failures="1" tests="2" name="CustomerCheckoutTest" time="24.889" errors="0" timestamp="2022-12-09T16:46:41 IST">
  <testcase classname="Shop.Tests.CustomerCheckoutTest" name="CustomerplaceOrder" time="4.832">
    <skipped/>
  </testcase> <!-- CustomerplaceOrder -->
  <testcase classname="Shop.Tests.CustomerCheckoutTest" name="CustomerplaceOrder" time="19.644">
    <failure type="org.openqa.selenium.NoSuchElementException" message="no such element: Unable to locate element: {&amp;quot;method&amp;quot;:&amp;quot;css selector&amp;quot;,&amp;quot;selector&amp;quot;:&amp;quot;.alert-dismissible&amp;quot;}
  (Session info: chrome=108.0.5359.94)
For documentation on this error, please visit: https://selenium.dev/exceptions/#no_such_element
Build info: version: &amp;apos;4.4.0&amp;apos;, revision: &amp;apos;e5c75ed026a&amp;apos;
System info: host: &amp;apos;sanjay237&amp;apos;, ip: &amp;apos;192.168.15.237&amp;apos;, os.name: &amp;apos;Linux&amp;apos;, os.arch: &amp;apos;amd64&amp;apos;, os.version: &amp;apos;5.15.0-56-generic&amp;apos;, java.version: &amp;apos;17.0.3&amp;apos;
Driver info: org.openqa.selenium.chrome.ChromeDriver
Command: [10056a1ad882703a607dda113e287d4f, findElement {using=css selector, value=.alert-dismissible}]
Capabilities {acceptInsecureCerts: false, browserName: chrome, browserVersion: 108.0.5359.94, chrome: {chromedriverVersion: 108.0.5359.71 (1e0e3868ee06..., userDataDir: /tmp/.com.google.Chrome.oji7bF}, goog:chromeOptions: {debuggerAddress: localhost:34061}, networkConnectionEnabled: false, pageLoadStrategy: normal, platformName: LINUX, proxy: Proxy(), se:cdp: ws://localhost:34061/devtoo..., se:cdpVersion: 108.0.5359.94, setWindowRect: true, strictFileInteractability: false, timeouts: {implicit: 0, pageLoad: 300000, script: 30000}, unhandledPromptBehavior: dismiss and notify, webauthn:extension:credBlob: true, webauthn:extension:largeBlob: true, webauthn:virtualAuthenticators: true}
Session ID: 10056a1ad882703a607dda113e287d4f">
      <![CDATA[org.openqa.selenium.NoSuchElementException: no such element: Unable to locate element: {"method":"css selector","selector":".alert-dismissible"}
  (Session info: chrome=108.0.5359.94)
For documentation on this error, please visit: https://selenium.dev/exceptions/#no_such_element
Build info: version: '4.4.0', revision: 'e5c75ed026a'
System info: host: 'sanjay237', ip: '192.168.15.237', os.name: 'Linux', os.arch: 'amd64', os.version: '5.15.0-56-generic', java.version: '17.0.3'
Driver info: org.openqa.selenium.chrome.ChromeDriver
Command: [10056a1ad882703a607dda113e287d4f, findElement {using=css selector, value=.alert-dismissible}]
Capabilities {acceptInsecureCerts: false, browserName: chrome, browserVersion: 108.0.5359.94, chrome: {chromedriverVersion: 108.0.5359.71 (1e0e3868ee06..., userDataDir: /tmp/.com.google.Chrome.oji7bF}, goog:chromeOptions: {debuggerAddress: localhost:34061}, networkConnectionEnabled: false, pageLoadStrategy: normal, platformName: LINUX, proxy: Proxy(), se:cdp: ws://localhost:34061/devtoo..., se:cdpVersion: 108.0.5359.94, setWindowRect: true, strictFileInteractability: false, timeouts: {implicit: 0, pageLoad: 300000, script: 30000}, unhandledPromptBehavior: dismiss and notify, webauthn:extension:credBlob: true, webauthn:extension:largeBlob: true, webauthn:virtualAuthenticators: true}
Session ID: 10056a1ad882703a607dda113e287d4f
at org.openqa.selenium.remote.codec.w3c.W3CHttpResponseCodec.createException(W3CHttpResponseCodec.java:200)
at org.openqa.selenium.remote.codec.w3c.W3CHttpResponseCodec.decode(W3CHttpResponseCodec.java:133)
at org.openqa.selenium.remote.codec.w3c.W3CHttpResponseCodec.decode(W3CHttpResponseCodec.java:53)
at org.openqa.selenium.remote.HttpCommandExecutor.execute(HttpCommandExecutor.java:184)
at org.openqa.selenium.remote.service.DriverCommandExecutor.invokeExecute(DriverCommandExecutor.java:167)
at org.openqa.selenium.remote.service.DriverCommandExecutor.execute(DriverCommandExecutor.java:142)
at org.openqa.selenium.remote.RemoteWebDriver.execute(RemoteWebDriver.java:547)
at org.openqa.selenium.remote.ElementLocation$ElementFinder$2.findElement(ElementLocation.java:162)
at org.openqa.selenium.remote.ElementLocation.findElement(ElementLocation.java:60)
at org.openqa.selenium.remote.RemoteWebDriver.findElement(RemoteWebDriver.java:365)
at org.openqa.selenium.remote.RemoteWebDriver.findElement(RemoteWebDriver.java:357)
at org.openqa.selenium.support.pagefactory.DefaultElementLocator.findElement(DefaultElementLocator.java:70)
at org.openqa.selenium.support.pagefactory.internal.LocatingElementHandler.invoke(LocatingElementHandler.java:39)
at jdk.proxy2/jdk.proxy2.$Proxy19.click(Unknown Source)
at helpers.productsActions.addProductTo(productsActions.java:65)
at velocity.pageobjects.ProductListing.addItemToCart(ProductListing.java:68)
at Shop.Tests.CustomerCheckoutTest.CustomerplaceOrder(CustomerCheckoutTest.java:21)
at java.base/java.util.ArrayList.forEach(ArrayList.java:1511)
... Removed 32 stack frames]]>
    </failure>
  </testcase> <!-- CustomerplaceOrder -->
</testsuite> <!-- CustomerCheckoutTest -->
