<?xml version="1.0" encoding="UTF-8"?>
<!-- Generated by org.testng.reporters.JUnitXMLReporter -->
<testsuite ignored="0" hostname="sanjay237" failures="1" tests="2" name="CustomerCheckoutTest" time="29.23" errors="0" timestamp="2022-12-08T17:15:12 IST">
  <testcase classname="Shop.Tests.CustomerCheckoutTest" name="CustomerplaceOrder" time="7.438">
    <skipped/>
  </testcase> <!-- CustomerplaceOrder -->
  <testcase classname="Shop.Tests.CustomerCheckoutTest" name="CustomerplaceOrder" time="21.552">
    <failure type="java.lang.IndexOutOfBoundsException" message="Index 1 out of bounds for length 0">
      <![CDATA[java.lang.IndexOutOfBoundsException: Index 1 out of bounds for length 0
at java.base/jdk.internal.util.Preconditions.outOfBounds(Preconditions.java:64)
at java.base/jdk.internal.util.Preconditions.outOfBoundsCheckIndex(Preconditions.java:70)
at java.base/jdk.internal.util.Preconditions.checkIndex(Preconditions.java:266)
at java.base/java.util.Objects.checkIndex(Objects.java:359)
at java.base/java.util.ArrayList.get(ArrayList.java:427)
at org.openqa.selenium.support.pagefactory.internal.LocatingElementListHandler.invoke(LocatingElementListHandler.java:40)
at jdk.proxy2/jdk.proxy2.$Proxy17.get(Unknown Source)
at helpers.productsActions.addProductTo(productsActions.java:48)
at velocity.pageobjects.ProductListing.addItemToCart(ProductListing.java:68)
at Shop.Tests.CustomerCheckoutTest.CustomerplaceOrder(CustomerCheckoutTest.java:21)
at java.base/java.util.ArrayList.forEach(ArrayList.java:1511)
... Removed 31 stack frames]]>
    </failure>
  </testcase> <!-- CustomerplaceOrder -->
</testsuite> <!-- CustomerCheckoutTest -->
