<?xml version="1.0" encoding="UTF-8"?>
<!-- Generated by org.testng.reporters.JUnitXMLReporter -->
<testsuite ignored="0" hostname="sanjay237" failures="1" tests="1" name="dataDriven" time="0.178" errors="0" timestamp="2022-11-08T12:50:24 IST">
  <testcase classname="ExcelDriven.getExcelData" name="main" time="0.152">
    <failure type="org.apache.poi.openxml4j.exceptions.ODFNotOfficeXmlFileException" message="The supplied data appears to be in ODF (Open Document) Format. Formats like these (eg ODS, ODP) are not supported, try Apache ODFToolkit">
      <![CDATA[org.apache.poi.openxml4j.exceptions.ODFNotOfficeXmlFileException: The supplied data appears to be in ODF (Open Document) Format. Formats like these (eg ODS, ODP) are not supported, try Apache ODFToolkit
at org.apache.poi.openxml4j.opc.ZipPackage.getPartsImpl(ZipPackage.java:291)
at org.apache.poi.openxml4j.opc.OPCPackage.getParts(OPCPackage.java:749)
at org.apache.poi.openxml4j.opc.OPCPackage.open(OPCPackage.java:322)
at org.apache.poi.ooxml.util.PackageHelper.open(PackageHelper.java:59)
at org.apache.poi.xssf.usermodel.XSSFWorkbook.<init>(XSSFWorkbook.java:290)
at org.apache.poi.xssf.usermodel.XSSFWorkbook.<init>(XSSFWorkbook.java:286)
at ExcelDriven.getExcelData.getData(getExcelData.java:30)
at ExcelDriven.getExcelData.main(getExcelData.java:21)
at java.base/java.util.ArrayList.forEach(ArrayList.java:1511)
... Removed 27 stack frames]]>
    </failure>
  </testcase> <!-- main -->
</testsuite> <!-- dataDriven -->
