<?xml version="1.0" encoding="UTF-8"?>
<!-- Generated by org.testng.reporters.JUnitXMLReporter -->
<testsuite ignored="0" hostname="sanjay237" failures="1" tests="1" name="dataDriven" time="0.032" errors="0" timestamp="2022-11-07T18:57:46 IST">
  <testcase classname="ExcelDriven.dataDriven" name="Excel" time="0.007">
    <failure type="java.io.FileNotFoundException" message="/home/users/sanjay.bhatt/Documents/demodata.Bagisto-TestCase.ods (No such file or directory)">
      <![CDATA[java.io.FileNotFoundException: /home/users/sanjay.bhatt/Documents/demodata.Bagisto-TestCase.ods (No such file or directory)
at java.base/java.io.FileInputStream.open0(Native Method)
at java.base/java.io.FileInputStream.open(FileInputStream.java:216)
at java.base/java.io.FileInputStream.<init>(FileInputStream.java:157)
at java.base/java.io.FileInputStream.<init>(FileInputStream.java:111)
at ExcelDriven.dataDriven.Excel(dataDriven.java:29)
at java.base/java.util.ArrayList.forEach(ArrayList.java:1511)
... Removed 27 stack frames]]>
    </failure>
  </testcase> <!-- Excel -->
</testsuite> <!-- dataDriven -->
