<?xml version="1.0" encoding="UTF-8"?>
<!-- Generated by org.testng.reporters.JUnitXMLReporter -->
<testsuite ignored="0" hostname="sanjay237" failures="1" tests="1" name="Test" time="23.842" errors="0" timestamp="2022-10-06T17:00:32 IST">
  <testcase classname="bagisto.automationFramework.CustomerPlaceOrder" name="placeOrder" time="23.693">
    <failure type="java.lang.NullPointerException" message="Cannot invoke &amp;quot;org.openqa.selenium.WebElement.findElement(org.openqa.selenium.By)&amp;quot; because &amp;quot;ProName&amp;quot; is null">
      <![CDATA[java.lang.NullPointerException: Cannot invoke "org.openqa.selenium.WebElement.findElement(org.openqa.selenium.By)" because "ProName" is null
at velocity.pageobjects.ProductListing.addProductToCart(ProductListing.java:48)
at bagisto.automationFramework.CustomerPlaceOrder.placeOrder(CustomerPlaceOrder.java:17)
at java.base/java.util.ArrayList.forEach(ArrayList.java:1511)
... Removed 27 stack frames]]>
    </failure>
  </testcase> <!-- placeOrder -->
</testsuite> <!-- Test -->
