<?xml version="1.0" encoding="UTF-8"?>
<!-- Generated by org.testng.reporters.JUnitXMLReporter -->
<testsuite ignored="0" hostname="sanjay237" failures="0" tests="2" name="Default test" time="23.876" errors="0" timestamp="2022-12-07T18:50:40 IST">
  <testcase classname="Shop.Tests.CustomerCheckoutTest" name="CustomerplaceOrder" time="5.805">
    <skipped/>
  </testcase> <!-- CustomerplaceOrder -->
  <testcase classname="Shop.Tests.CustomerCheckoutTest" name="CustomerplaceOrder" time="18.028"/>
</testsuite> <!-- Default test -->
