<?xml version="1.0" encoding="UTF-8"?>
<!-- Generated by org.testng.reporters.JUnitXMLReporter -->
<testsuite ignored="0" hostname="sanjay237" failures="0" tests="3" name="Default test" time="20.935" errors="0" timestamp="2022-10-16T16:36:40 IST">
  <testcase classname="Shop.Tests.CustomerCheckout" name="CustomerplaceOrder" time="9.285"/>
  <testcase classname="Shop.Tests.CustomerCheckout" name="CustomerplaceOrder" time="3.477">
    <skipped/>
  </testcase> <!-- CustomerplaceOrder -->
  <testcase classname="Shop.Tests.CustomerCheckout" name="CustomerplaceOrder" time="7.825"/>
</testsuite> <!-- Default test -->
