<?xml version="1.0" encoding="UTF-8"?>
<testng-results ignored="0" total="1" passed="1" failed="0" skipped="0">
  <reporter-output>
  </reporter-output>
  <suite started-at="2022-09-28T16:44:38 IST" name="Default suite" finished-at="2022-09-28T16:44:48 IST" duration-ms="10238">
    <groups>
    </groups>
    <test started-at="2022-09-28T16:44:38 IST" name="Default test" finished-at="2022-09-28T16:44:48 IST" duration-ms="10238">
      <class name="Velocity.Customerlogin">
        <test-method is-config="true" signature="openBrowser()[pri:0, instance:Velocity.Customerlogin@273e7444]" started-at="2022-09-28T16:44:38 IST" name="openBrowser" finished-at="2022-09-28T16:44:38 IST" duration-ms="10" status="PASS">
          <reporter-output>
          </reporter-output>
        </test-method> <!-- openBrowser -->
        <test-method signature="Login()[pri:0, instance:Velocity.Customerlogin@273e7444]" started-at="2022-09-28T16:44:38 IST" name="Login" finished-at="2022-09-28T16:44:46 IST" duration-ms="8186" status="PASS">
          <reporter-output>
          </reporter-output>
        </test-method> <!-- Login -->
        <test-method is-config="true" signature="waite()[pri:0, instance:Velocity.Customerlogin@273e7444]" started-at="2022-09-28T16:44:46 IST" name="waite" finished-at="2022-09-28T16:44:48 IST" duration-ms="2001" status="PASS">
          <reporter-output>
          </reporter-output>
        </test-method> <!-- waite -->
      </class> <!-- Velocity.Customerlogin -->
    </test> <!-- Default test -->
  </suite> <!-- Default suite -->
</testng-results>
